  Session.cpp
D:\FMI Introduction to programming\Kursova rabota OOP\NetpbmEditor\NetpbmEditor\NetpbmEditor\Session.cpp(33,15): warning C4267: 'argument': conversion from 'size_t' to 'unsigned int', possible loss of data
D:\FMI Introduction to programming\Kursova rabota OOP\NetpbmEditor\NetpbmEditor\NetpbmEditor\Session.cpp(41,15): warning C4267: 'argument': conversion from 'size_t' to 'unsigned int', possible loss of data
D:\FMI Introduction to programming\Kursova rabota OOP\NetpbmEditor\NetpbmEditor\NetpbmEditor\Session.cpp(49,15): warning C4267: 'argument': conversion from 'size_t' to 'unsigned int', possible loss of data
D:\FMI Introduction to programming\Kursova rabota OOP\NetpbmEditor\NetpbmEditor\NetpbmEditor\Session.cpp(57,15): warning C4267: 'argument': conversion from 'size_t' to 'unsigned int', possible loss of data
D:\FMI Introduction to programming\Kursova rabota OOP\NetpbmEditor\NetpbmEditor\NetpbmEditor\Session.cpp(66,29): warning C4267: 'argument': conversion from 'size_t' to 'unsigned int', possible loss of data
D:\FMI Introduction to programming\Kursova rabota OOP\NetpbmEditor\NetpbmEditor\NetpbmEditor\Session.cpp(79,18): warning C4267: 'argument': conversion from 'size_t' to 'unsigned int', possible loss of data
D:\FMI Introduction to programming\Kursova rabota OOP\NetpbmEditor\NetpbmEditor\NetpbmEditor\Session.cpp(110,41): warning C4267: 'argument': conversion from 'size_t' to 'unsigned int', possible loss of data
D:\FMI Introduction to programming\Kursova rabota OOP\NetpbmEditor\NetpbmEditor\NetpbmEditor\Session.cpp(112,11): warning C4267: 'return': conversion from 'size_t' to 'int', possible loss of data
D:\FMI Introduction to programming\Kursova rabota OOP\NetpbmEditor\NetpbmEditor\NetpbmEditor\Session.cpp(122,20): warning C4018: '<': signed/unsigned mismatch
D:\FMI Introduction to programming\Kursova rabota OOP\NetpbmEditor\NetpbmEditor\NetpbmEditor\Session.cpp(131,20): warning C4018: '<': signed/unsigned mismatch
D:\FMI Introduction to programming\Kursova rabota OOP\NetpbmEditor\NetpbmEditor\NetpbmEditor\Session.cpp(149,62): warning C4267: 'argument': conversion from 'size_t' to 'unsigned int', possible loss of data
D:\FMI Introduction to programming\Kursova rabota OOP\NetpbmEditor\NetpbmEditor\NetpbmEditor\Session.cpp(164,62): warning C4267: 'argument': conversion from 'size_t' to 'unsigned int', possible loss of data
D:\FMI Introduction to programming\Kursova rabota OOP\NetpbmEditor\NetpbmEditor\NetpbmEditor\Session.cpp(167,49): warning C4267: 'argument': conversion from 'size_t' to 'unsigned int', possible loss of data
  Generating code
  9 of 508 functions ( 1.8%) were compiled, the rest were copied from previous compilation.
    0 functions were new in current compilation
    26 functions had inline decision re-evaluated but remain unchanged
  Finished generating code
  NetpbmEditor.vcxproj -> D:\FMI Introduction to programming\Kursova rabota OOP\NetpbmEditor\NetpbmEditor\x64\Release\NetpbmEditor.exe
