d:\fmi introduction to programming\kursova rabota oop\netpbmeditor\netpbmeditor\netpbmeditor\x64\debug\vc143.pdb
d:\fmi introduction to programming\kursova rabota oop\netpbmeditor\netpbmeditor\netpbmeditor\x64\debug\vc143.idb
d:\fmi introduction to programming\kursova rabota oop\netpbmeditor\netpbmeditor\netpbmeditor\x64\debug\session.obj
d:\fmi introduction to programming\kursova rabota oop\netpbmeditor\netpbmeditor\netpbmeditor\x64\debug\rasterfilecontainer.obj
d:\fmi introduction to programming\kursova rabota oop\netpbmeditor\netpbmeditor\netpbmeditor\x64\debug\rasterfile.obj
d:\fmi introduction to programming\kursova rabota oop\netpbmeditor\netpbmeditor\netpbmeditor\x64\debug\ppmfile.obj
d:\fmi introduction to programming\kursova rabota oop\netpbmeditor\netpbmeditor\netpbmeditor\x64\debug\pgmfile.obj
d:\fmi introduction to programming\kursova rabota oop\netpbmeditor\netpbmeditor\netpbmeditor\x64\debug\pbmfile.obj
d:\fmi introduction to programming\kursova rabota oop\netpbmeditor\netpbmeditor\netpbmeditor\x64\debug\netpbmeditor.obj
d:\fmi introduction to programming\kursova rabota oop\netpbmeditor\netpbmeditor\netpbmeditor\x64\debug\mystring.obj
d:\fmi introduction to programming\kursova rabota oop\netpbmeditor\netpbmeditor\netpbmeditor\x64\debug\monochromecommand.obj
d:\fmi introduction to programming\kursova rabota oop\netpbmeditor\netpbmeditor\netpbmeditor\x64\debug\loadcommand.obj
d:\fmi introduction to programming\kursova rabota oop\netpbmeditor\netpbmeditor\netpbmeditor\x64\debug\grayscalecommand.obj
d:\fmi introduction to programming\kursova rabota oop\netpbmeditor\netpbmeditor\netpbmeditor\x64\debug\filefactory.obj
d:\fmi introduction to programming\kursova rabota oop\netpbmeditor\netpbmeditor\netpbmeditor\x64\debug\engine.obj
d:\fmi introduction to programming\kursova rabota oop\netpbmeditor\netpbmeditor\netpbmeditor\x64\debug\editor.obj
d:\fmi introduction to programming\kursova rabota oop\netpbmeditor\netpbmeditor\netpbmeditor\x64\debug\dynamicset.obj
d:\fmi introduction to programming\kursova rabota oop\netpbmeditor\netpbmeditor\netpbmeditor\x64\debug\constants.obj
d:\fmi introduction to programming\kursova rabota oop\netpbmeditor\netpbmeditor\netpbmeditor\x64\debug\commandcontainer.obj
d:\fmi introduction to programming\kursova rabota oop\netpbmeditor\netpbmeditor\x64\debug\netpbmeditor.exe
d:\fmi introduction to programming\kursova rabota oop\netpbmeditor\netpbmeditor\netpbmeditor\x64\debug\netpbmeditor.tlog\cl.command.1.tlog
d:\fmi introduction to programming\kursova rabota oop\netpbmeditor\netpbmeditor\netpbmeditor\x64\debug\netpbmeditor.tlog\cl.read.1.tlog
d:\fmi introduction to programming\kursova rabota oop\netpbmeditor\netpbmeditor\netpbmeditor\x64\debug\netpbmeditor.tlog\cl.write.1.tlog
d:\fmi introduction to programming\kursova rabota oop\netpbmeditor\netpbmeditor\netpbmeditor\x64\debug\netpbmeditor.tlog\link.command.1.tlog
d:\fmi introduction to programming\kursova rabota oop\netpbmeditor\netpbmeditor\netpbmeditor\x64\debug\netpbmeditor.tlog\link.read.1.tlog
d:\fmi introduction to programming\kursova rabota oop\netpbmeditor\netpbmeditor\netpbmeditor\x64\debug\netpbmeditor.tlog\link.write.1.tlog
